1.522659e+00
1.540000e+00
1.533253e+00
1.540000e+00
1.528236e+00
1.540000e+00
1.525931e+00
1.540000e+00
1.527129e+00
1.540000e+00
1.535585e+00
1.540000e+00
1.567157e+00
1.540000e+00
1.484592e+00
1.540000e+00
1.520195e+00
1.540000e+00
1.527705e+00
1.540000e+00
-6.229186e-01
-6.000000e-01
-6.349173e-01
-6.000000e-01
-6.293324e-01
-6.000000e-01
-6.113063e-01
-6.000000e-01
-6.126721e-01
-6.000000e-01
-6.243851e-01
-6.000000e-01
-6.642084e-01
-6.000000e-01
-6.014200e-01
-6.000000e-01
-6.146918e-01
-6.000000e-01
-6.136329e-01
-6.000000e-01
6.798897e-04
1.000000e-03
2.948063e-03
1.000000e-03
1.868526e-03
1.000000e-03
2.358098e-03
1.000000e-03
2.457257e-03
1.000000e-03
2.973556e-03
1.000000e-03
1.124222e-03
1.000000e-03
2.373908e-03
1.000000e-03
1.095247e-03
1.000000e-03
8.487299e-04
1.000000e-03
