1.517788e+00
1.539676e+00
1.506475e+00
1.539676e+00
1.547543e+00
1.539676e+00
1.504165e+00
1.539677e+00
1.507481e+00
1.539676e+00
1.533697e+00
1.539676e+00
1.583986e+00
1.539677e+00
1.360185e+00
1.539676e+00
1.504393e+00
1.539676e+00
1.510004e+00
1.539676e+00
-6.301254e-01
-5.808595e-01
-6.190980e-01
-5.808595e-01
-6.752578e-01
-5.808595e-01
-5.904294e-01
-5.808595e-01
-5.969338e-01
-5.808591e-01
-6.816547e-01
-5.808595e-01
-6.595645e-01
-5.808595e-01
-4.793434e-01
-5.808591e-01
-6.356328e-01
-5.808595e-01
-6.042846e-01
-5.808595e-01
-2.750397e-03
-8.212907e-02
4.992870e-03
-8.212907e-02
2.562427e-03
-8.212907e-02
4.167867e-03
-8.212907e-02
4.367978e-03
-8.212907e-02
9.999998e-03
-8.212907e-02
1.629521e-03
-8.212907e-02
5.112860e-03
-8.212907e-02
1.443423e-03
-8.212907e-02
-2.479960e-03
-8.212907e-02
