1.700000e+00
1.700000e+00
1.700000e+00
1.700000e+00
1.700000e+00
1.700000e+00
1.700000e+00
1.700000e+00
1.700000e+00
1.700000e+00
1.700000e+00
1.700000e+00
1.700000e+00
1.700000e+00
1.700000e+00
1.700000e+00
1.700000e+00
1.700000e+00
1.700000e+00
1.700000e+00
-6.100000e-01
-6.100000e-01
-6.100000e-01
-6.100000e-01
-6.100000e-01
-6.100000e-01
-6.100000e-01
-6.100000e-01
-6.100000e-01
-6.100000e-01
-6.100000e-01
-6.100000e-01
-6.100000e-01
-6.100000e-01
-6.100000e-01
-6.100000e-01
-6.100000e-01
-6.100000e-01
-6.100000e-01
-6.100000e-01
1.000000e-03
1.000000e-03
1.000000e-03
1.000000e-03
1.000000e-03
1.000000e-03
1.000000e-03
1.000000e-03
1.000000e-03
1.000000e-03
1.000000e-03
1.000000e-03
1.000000e-03
1.000000e-03
1.000000e-03
1.000000e-03
1.000000e-03
1.000000e-03
1.000000e-03
1.000000e-03
