9.994024e-01
1.490000e+00
1.008286e+00
1.490000e+00
1.134886e+00
1.490000e+00
1.364222e+00
1.490000e+00
1.368201e+00
1.490000e+00
1.363393e+00
1.490000e+00
9.099345e-01
1.490000e+00
1.306908e+00
1.490000e+00
1.568620e+00
1.490000e+00
1.362896e+00
1.490000e+00
-2.303812e-01
-6.100000e-01
-2.395288e-01
-6.100000e-01
-3.441532e-01
-6.100000e-01
-5.669088e-01
-6.100000e-01
-5.714436e-01
-6.100000e-01
-5.673906e-01
-6.100000e-01
-7.252595e-02
-6.100000e-01
-5.243261e-01
-6.100000e-01
-7.097433e-01
-6.100000e-01
-5.655703e-01
-6.100000e-01
8.335156e-04
1.000000e-03
4.036558e-03
1.000000e-03
2.599928e-03
1.000000e-03
2.575585e-03
1.000000e-03
2.680830e-03
1.000000e-03
3.523593e-03
1.000000e-03
2.394282e-03
1.000000e-03
2.760656e-03
1.000000e-03
1.101946e-03
1.000000e-03
6.565748e-04
1.000000e-03
