1.600000e+00
1.468845e+00
7.564785e-01
1.468845e+00
7.429319e-01
1.468845e+00
1.219732e+00
1.468845e+00
1.270741e+00
1.468845e+00
1.174199e+00
1.468845e+00
1.600000e+00
1.468845e+00
1.299265e+00
1.468845e+00
1.633297e+00
1.468845e+00
1.213743e+00
1.468845e+00
1.912485e-01
-6.127824e-01
-1.199799e-01
-6.127824e-01
-1.880516e-02
-6.127824e-01
-4.743018e-01
-6.127824e-01
-5.133595e-01
-6.127824e-01
-4.489097e-01
-6.127824e-01
7.951658e-01
-6.127824e-01
-5.855926e-01
-6.127824e-01
-7.336431e-01
-6.127824e-01
-4.880991e-01
-6.127824e-01
-3.491766e-03
-1.696238e+00
8.129431e-03
-1.696238e+00
3.517055e-03
-1.696238e+00
3.787862e-03
-1.696238e+00
3.726298e-03
-1.696238e+00
7.137642e-03
-1.696238e+00
8.564991e-05
-1.696238e+00
3.731181e-03
-1.696238e+00
6.927761e-04
-1.696238e+00
-1.380087e-03
-1.696238e+00
