1.497054e+00
1.308530e+00
1.501953e+00
1.308530e+00
1.500000e+00
1.308530e+00
1.494722e+00
1.308530e+00
1.495141e+00
1.308530e+00
1.494112e+00
1.308530e+00
1.500000e+00
1.308530e+00
2.364065e+00
1.308530e+00
1.312528e+00
1.308530e+00
1.496898e+00
1.308530e+00
-5.053732e-01
-1.096286e+00
-4.919447e-01
-1.096286e+00
-6.993777e-01
-1.096286e+00
-5.053301e-01
-1.096286e+00
-5.050408e-01
-1.096286e+00
-5.057694e-01
-1.096286e+00
-6.222558e-02
-1.096286e+00
1.471263e-01
-1.096286e+00
-5.269912e-01
-1.096286e+00
-5.031216e-01
-1.096286e+00
2.010631e-02
8.195335e-01
3.046573e-02
8.195335e-01
5.818589e-03
8.195335e-01
3.048818e-03
8.195335e-01
8.531117e-04
8.195335e-01
2.380930e-04
8.195335e-01
1.942578e-02
8.195335e-01
3.462889e-03
8.195335e-01
2.280770e-03
8.195335e-01
1.255586e-02
8.195335e-01
