1.398174e+00
1.842837e+00
1.400637e+00
1.842837e+00
1.466916e+00
1.842837e+00
1.544333e+00
1.842837e+00
1.544534e+00
1.842837e+00
1.544376e+00
1.842837e+00
1.420964e+00
1.842837e+00
1.554852e+00
1.842837e+00
1.585584e+00
1.842837e+00
1.543520e+00
1.842837e+00
-5.351848e-01
6.258479e-02
-5.368146e-01
6.258479e-02
-5.818378e-01
6.258479e-02
-6.350333e-01
6.258479e-02
-6.352551e-01
6.258479e-02
-6.351267e-01
6.258479e-02
-5.501121e-01
6.258479e-02
-6.414751e-01
6.258479e-02
-6.615152e-01
6.258479e-02
-6.343016e-01
6.258479e-02
-1.075899e-05
-6.773880e-03
8.358098e-06
-6.773880e-03
1.389864e-06
-6.773880e-03
8.165783e-07
-6.773880e-03
1.083190e-06
-6.773880e-03
8.305684e-07
-6.773880e-03
-3.615540e-06
-6.773880e-03
1.807270e-06
-6.773880e-03
-2.898413e-07
-6.773880e-03
-1.907315e-06
-6.773880e-03
