1.552492e+00
1.570167e+00
1.557027e+00
1.570167e+00
1.563563e+00
1.570167e+00
1.562378e+00
1.570167e+00
1.562762e+00
1.570167e+00
1.562606e+00
1.570167e+00
1.583843e+00
1.570167e+00
1.574556e+00
1.570167e+00
1.592414e+00
1.570167e+00
1.561592e+00
1.570167e+00
-6.509941e-01
-6.027775e-01
-6.555435e-01
-6.027775e-01
-6.410240e-01
-6.027775e-01
-6.515900e-01
-6.027775e-01
-6.520094e-01
-6.027775e-01
-6.518830e-01
-6.027775e-01
-6.844898e-01
-6.027775e-01
-6.686744e-01
-6.027775e-01
-6.635776e-01
-6.027775e-01
-6.508818e-01
-6.027775e-01
-5.545698e-06
1.000000e-03
4.384069e-06
1.000000e-03
6.726077e-07
1.000000e-03
7.875978e-07
1.000000e-03
1.040395e-06
1.000000e-03
8.008154e-07
1.000000e-03
-2.189797e-06
1.000000e-03
2.052688e-06
1.000000e-03
-2.526905e-07
1.000000e-03
-1.826907e-06
1.000000e-03
