1.729691e+00
1.540000e+00
1.744340e+00
1.540000e+00
1.389992e+00
1.540000e+00
1.476807e+00
1.540000e+00
1.479738e+00
1.540000e+00
1.492753e+00
1.540000e+00
1.938347e+00
1.540000e+00
1.240328e+00
1.540000e+00
1.476664e+00
1.540000e+00
1.480252e+00
1.540000e+00
-8.348444e-01
-6.100000e-01
-8.515980e-01
-6.100000e-01
-5.280775e-01
-6.100000e-01
-6.307394e-01
-6.100000e-01
-6.341145e-01
-6.100000e-01
-6.510807e-01
-6.100000e-01
6.000000e-01
-6.100000e-01
-4.098158e-01
-6.100000e-01
-5.789984e-01
-6.100000e-01
-6.348632e-01
-6.100000e-01
1.999890e-04
1.000000e-03
2.743044e-03
1.000000e-03
2.688578e-03
1.000000e-03
2.917102e-03
1.000000e-03
3.034996e-03
1.000000e-03
3.633237e-03
1.000000e-03
5.318010e-04
1.000000e-03
3.342400e-03
1.000000e-03
1.677246e-03
1.000000e-03
1.324169e-03
1.000000e-03
