1.047444e+00
1.530855e+00
1.169691e+00
1.530855e+00
1.186446e+00
1.530855e+00
1.247308e+00
1.530855e+00
1.268523e+00
1.530855e+00
1.205721e+00
1.530855e+00
6.752979e-01
1.530855e+00
1.225683e+00
1.530855e+00
1.723642e+00
1.530855e+00
1.195207e+00
1.530855e+00
-2.115500e-01
-6.279230e-01
-3.697433e-01
-6.279230e-01
-4.507232e-01
-6.279230e-01
-5.418478e-01
-6.279230e-01
-5.869117e-01
-6.279230e-01
-5.513911e-01
-6.279230e-01
3.531277e-01
-6.279230e-01
-5.068178e-01
-6.279230e-01
-7.809786e-01
-6.279230e-01
-5.399042e-01
-6.279230e-01
-3.714247e-03
-5.782072e-03
7.145485e-03
-5.782072e-03
4.335134e-03
-5.782072e-03
4.880565e-03
-5.782072e-03
5.308751e-03
-5.782072e-03
9.999998e-03
-5.782072e-03
1.930807e-03
-5.782072e-03
5.797228e-03
-5.782072e-03
4.497155e-04
-5.782072e-03
-2.285987e-03
-5.782072e-03
