1.484809e+00
1.540979e+00
1.514921e+00
1.540979e+00
1.463460e+00
1.540979e+00
1.502591e+00
1.540979e+00
1.514188e+00
1.540979e+00
1.511081e+00
1.540979e+00
1.627289e+00
1.540979e+00
1.410588e+00
1.540979e+00
1.532556e+00
1.540979e+00
1.504855e+00
1.540979e+00
-6.334615e-01
-5.874501e-01
-6.733819e-01
-5.874501e-01
-6.378829e-01
-5.874501e-01
-6.112666e-01
-5.874501e-01
-6.271531e-01
-5.874501e-01
-6.797634e-01
-5.874501e-01
-6.410005e-01
-5.874501e-01
-5.676827e-01
-5.874501e-01
-6.652398e-01
-5.874501e-01
-6.197637e-01
-5.874501e-01
-2.889952e-03
-6.690446e-01
4.955953e-03
-6.690446e-01
3.098955e-03
-6.690446e-01
4.145707e-03
-6.690446e-01
4.327909e-03
-6.690446e-01
9.999999e-03
-6.690446e-01
7.281666e-04
-6.690446e-01
4.901167e-03
-6.690446e-01
1.466049e-03
-6.690446e-01
-2.494315e-03
-6.690446e-01
