1.509756e+00
1.562482e+00
1.540789e+00
1.562482e+00
1.479905e+00
1.562482e+00
1.521105e+00
1.562482e+00
1.532053e+00
1.562482e+00
1.542698e+00
1.562482e+00
1.641853e+00
1.562482e+00
1.436182e+00
1.562482e+00
1.564977e+00
1.562482e+00
1.522904e+00
1.562482e+00
-6.540200e-01
-6.036363e-01
-6.945040e-01
-6.036363e-01
-6.573612e-01
-6.036363e-01
-6.320628e-01
-6.036363e-01
-6.458950e-01
-6.036363e-01
-6.965717e-01
-6.036363e-01
-6.635738e-01
-6.036363e-01
-5.907948e-01
-6.036363e-01
-6.880426e-01
-6.036363e-01
-6.382753e-01
-6.036363e-01
-2.894260e-03
-1.328009e-01
5.001037e-03
-1.328009e-01
3.374920e-03
-1.328009e-01
4.475149e-03
-1.328009e-01
4.637894e-03
-1.328009e-01
9.999998e-03
-1.328009e-01
7.907385e-04
-1.328009e-01
4.987615e-03
-1.328009e-01
1.262385e-03
-1.328009e-01
-2.611482e-03
-1.328009e-01
