9.547291e-01
1.499870e+00
1.071482e+00
1.499870e+00
6.965055e-01
1.499870e+00
1.173088e+00
1.499870e+00
1.198155e+00
1.499870e+00
1.120258e+00
1.499870e+00
1.529278e+00
1.499870e+00
1.132542e+00
1.499870e+00
1.667178e+00
1.499870e+00
1.147624e+00
1.499870e+00
-1.219884e-01
-6.103198e-01
-2.973650e-01
-6.103198e-01
6.846318e-02
-6.103198e-01
-4.930846e-01
-6.103198e-01
-5.200193e-01
-6.103198e-01
-4.843708e-01
-6.103198e-01
-5.105231e-01
-6.103198e-01
-3.968742e-01
-6.103198e-01
-7.357946e-01
-6.103198e-01
-4.762717e-01
-6.103198e-01
-3.780294e-03
-1.758884e-01
7.938144e-03
-1.758884e-01
4.897335e-03
-1.758884e-01
4.703107e-03
-1.758884e-01
5.015413e-03
-1.758884e-01
9.999999e-03
-1.758884e-01
-1.345063e-04
-1.758884e-01
5.674569e-03
-1.758884e-01
5.867158e-04
-1.758884e-01
-2.782799e-03
-1.758884e-01
