1.399163e+00
1.520000e+00
1.409163e+00
1.520000e+00
1.203880e+00
1.520000e+00
1.308041e+00
1.520000e+00
1.311446e+00
1.520000e+00
1.314870e+00
1.520000e+00
1.503968e+00
1.520000e+00
1.183867e+00
1.520000e+00
1.471368e+00
1.520000e+00
1.309412e+00
1.520000e+00
-5.510677e-01
-6.100000e-01
-5.618940e-01
-6.100000e-01
-3.827412e-01
-6.100000e-01
-4.944315e-01
-6.100000e-01
-4.982982e-01
-6.100000e-01
-5.038113e-01
-6.100000e-01
-6.004954e-01
-6.100000e-01
-3.914843e-01
-6.100000e-01
-5.979755e-01
-6.100000e-01
-4.960614e-01
-6.100000e-01
5.447482e-04
1.000000e-03
3.436642e-03
1.000000e-03
2.971980e-03
1.000000e-03
3.180495e-03
1.000000e-03
3.287970e-03
1.000000e-03
4.004812e-03
1.000000e-03
1.665160e-03
1.000000e-03
3.427483e-03
1.000000e-03
1.677155e-03
1.000000e-03
1.393476e-03
1.000000e-03
