-1.25197788e-05 1.52597133e+00 -5.18402680e-01
-5.03099465e-07 1.66485708e+00 -6.54044344e-01
9.92255302e-07 1.76274881e+00 -7.56028579e-01
1.00000000e-05 1.50000000e+00 -5.00000000e-01
-1.45990819e-06 1.50969877e+00 -4.94735467e-01
4.38783192e-07 1.60139760e+00 -6.24313519e-01
8.73872211e-04 1.49333217e+00 -4.99189823e-01
8.01337268e-07 1.74204326e+00 -7.35679054e-01
4.98677923e-04 1.90796178e+00 -9.28522224e-01
0.00371444 2.00813321 -1.01909269
0.00570542 1.50142101 -1.02345674
1.32941763e-05 1.52791625e+00 -5.20152511e-01
-5.94159289e-07 1.65064455e+00 -6.37346815e-01
7.01553989e-07 1.74635067e+00 -7.38696821e-01
1.00000000e-05 1.50000000e+00 -5.00000000e-01
-1.47607818e-06 1.50945652e+00 -4.94277338e-01
-4.69182796e-07 1.50009359e+00 -4.99660708e-01
1.00000000e-04 1.00000000e+00 -5.00000000e-01
1.00000000e-04 1.00000000e+00 -5.00000000e-01
1.00000000e-04 1.00000000e+00 -5.00000000e-01
1.00000000e-04 1.00000000e+00 -5.00000000e-01
1.00000000e-04 1.00000000e+00 -5.00000000e-01

