1.569138e-05 1.504094e+00 -5.082787e-01
4.641573e-04 1.794631e+00 -7.965862e-01
3.226392e-07 1.513844e+00 -4.950755e-01
1.000000e-05 1.500000e+00 -5.000000e-01
-4.649239e-08 1.497869e+00 -5.032109e-01
1.344007e-05 1.471751e+00 -5.710398e-01
1.110500e-03 1.565734e+00 -5.720154e-01
-1.352838e-07 1.525752e+00 -5.030798e-01
5.351088e-04 1.913035e+00 -9.227723e-01
2.158940e-03 1.903596e+00 -9.092018e-01
9.351876e-02 1.492910e+00 -1.001658e+00
1.552054e-05 1.500746e+00 -5.046206e-01
1.787426e-05 1.526447e+00 -5.155927e-01
-3.203749e-08 1.521545e+00 -4.967430e-01
1.000000e-05 1.500000e+00 -5.000000e-01
-2.083038e-06 1.520603e+00 -5.016432e-01
3.579992e-04 5.168127e-02 -6.063105e-01
3.664888e-03 1.830368e+00 -8.369309e-01
-8.869158e-07 1.513827e+00 -4.894659e-01
1.029611e-03 1.918266e+00 -9.401565e-01
3.772436e-03 2.004628e+00 -1.011615e+00
1.147766e-02 1.807546e+00 -1.003388e+00
