2.107679e+00
1.600000e+00
1.862544e+00
1.600000e+00
2.639805e+00
1.600000e+00
3.535395e+00
1.600000e+00
2.933124e+00
1.600000e+00
2.392361e+00
1.600000e+00
3.166459e+00
1.600000e+00
2.714406e+00
1.600000e+00
3.324520e+00
1.600000e+00
3.125507e+00
1.600000e+00
3.132507e+00
1.600000e+00
6.000000e-01
-6.000000e-01
-8.750585e-01
-6.000000e-01
6.000000e-01
-6.000000e-01
6.000000e-01
-6.000000e-01
6.000000e-01
-6.000000e-01
6.000000e-01
-6.000000e-01
6.000000e-01
-6.000000e-01
6.000000e-01
-6.000000e-01
6.000000e-01
-6.000000e-01
6.000000e-01
-6.000000e-01
6.000000e-01
-6.000000e-01
2.194208e-03
1.000000e-03
5.826739e-03
1.000000e-03
2.480942e-03
1.000000e-03
1.647608e-03
1.000000e-03
2.002266e-03
1.000000e-03
2.507848e-03
1.000000e-03
4.607434e-03
1.000000e-03
1.806734e-03
1.000000e-03
1.844582e-03
1.000000e-03
9.970637e-04
1.000000e-03
4.804791e-06
1.000000e-03
