1.633455e+00
1.600412e+00
1.616319e+00
1.600412e+00
1.632427e+00
1.600412e+00
1.634806e+00
1.600412e+00
1.603340e+00
1.600412e+00
1.576242e+00
1.600412e+00
1.595334e+00
1.600412e+00
1.652514e+00
1.600412e+00
1.707445e+00
1.600412e+00
1.640295e+00
1.600412e+00
1.645948e+00
1.600412e+00
-4.807942e-01
-4.986806e-01
-4.876208e-01
-4.986806e-01
-4.701127e-01
-4.986806e-01
-4.652254e-01
-4.986806e-01
-4.992233e-01
-4.986806e-01
-5.330966e-01
-4.986806e-01
-5.161372e-01
-4.986806e-01
-4.479811e-01
-4.986806e-01
-3.906903e-01
-4.986806e-01
-4.574246e-01
-4.986806e-01
-4.443805e-01
-4.986806e-01
3.707744e-03
-2.133521e-02
9.703550e-03
-2.133521e-02
3.708893e-03
-2.133521e-02
3.289036e-03
-2.133521e-02
2.833839e-03
-2.133521e-02
1.839191e-03
-2.133521e-02
9.999997e-03
-2.133521e-02
4.843929e-03
-2.133521e-02
2.453090e-03
-2.133521e-02
1.868075e-03
-2.133521e-02
-1.429236e-03
-2.133521e-02
